<?xml version="1.0" encoding="UTF-8"?>
<!-- Generated by org.testng.reporters.JUnitXMLReporter -->
<testsuite ignored="5" hostname="LTIN273501" failures="0" tests="1" name="Default test" time="0.193" errors="0" timestamp="2024-03-12T08:49:31 IST">
  <testcase classname="testing.BaseClass" name="@BeforeTest Intiate_WebDriver" time="-1.710213570981E9">
    <failure type="org.testng.TestNGException" message="
Parameter &amp;apos;os&amp;apos; is required by BeforeTest on method Intiate_WebDriver but has not been marked @Optional or defined
in C:\Users\2304086\AppData\Local\Temp\1\testng-eclipse--108621470\testng-customsuite.xml">
      <![CDATA[org.testng.TestNGException: 
Parameter 'os' is required by BeforeTest on method Intiate_WebDriver but has not been marked @Optional or defined
in C:\Users\2304086\AppData\Local\Temp\1\testng-eclipse--108621470\testng-customsuite.xml
at org.testng.internal.Parameters.createParams(Parameters.java:267)
at org.testng.internal.Parameters.createParametersForMethod(Parameters.java:355)
at org.testng.internal.Parameters.createParameters(Parameters.java:693)
at org.testng.internal.Parameters.createConfigurationParameters(Parameters.java:166)
at org.testng.internal.invokers.ConfigInvoker.invokeConfigurations(ConfigInvoker.java:306)
at org.testng.TestRunner.invokeTestConfigurations(TestRunner.java:661)
at org.testng.TestRunner.beforeRun(TestRunner.java:650)
at org.testng.TestRunner.run(TestRunner.java:612)
at org.testng.SuiteRunner.runTest(SuiteRunner.java:443)
at org.testng.SuiteRunner.runSequentially(SuiteRunner.java:437)
at org.testng.SuiteRunner.privateRun(SuiteRunner.java:397)
at org.testng.SuiteRunner.run(SuiteRunner.java:336)
at org.testng.SuiteRunnerWorker.runSuite(SuiteRunnerWorker.java:52)
at org.testng.SuiteRunnerWorker.run(SuiteRunnerWorker.java:95)
at org.testng.TestNG.runSuitesSequentially(TestNG.java:1301)
at org.testng.TestNG.runSuitesLocally(TestNG.java:1228)
at org.testng.TestNG.runSuites(TestNG.java:1134)
at org.testng.TestNG.run(TestNG.java:1101)
at org.testng.remote.AbstractRemoteTestNG.run(AbstractRemoteTestNG.java:115)
at org.testng.remote.RemoteTestNG.initAndRun(RemoteTestNG.java:251)
at org.testng.remote.RemoteTestNG.main(RemoteTestNG.java:77)
]]>
    </failure>
  </testcase> <!-- @BeforeTest Intiate_WebDriver -->
  <testcase classname="testing.BaseClass" name="@AfterTest Close_Driver" time="0.0">
    <skipped/>
  </testcase> <!-- @AfterTest Close_Driver -->
  <testcase classname="testing.TC001_Doctor_Details" name="Check_for_correct_page" time="0.001">
    <skipped/>
  </testcase> <!-- Check_for_correct_page -->
  <testcase classname="testing.TC001_Doctor_Details" name="get_list_of_doctors" time="0.0">
    <ignored/>
  </testcase> <!-- get_list_of_doctors -->
  <testcase classname="testing.TC001_Doctor_Details" name="Scolldown" time="0.0">
    <ignored/>
  </testcase> <!-- Scolldown -->
  <testcase classname="testing.TC001_Doctor_Details" name="getting_correct_city" time="0.0">
    <ignored/>
  </testcase> <!-- getting_correct_city -->
  <testcase classname="testing.TC001_Doctor_Details" name="Printing_names" time="0.0">
    <ignored/>
  </testcase> <!-- Printing_names -->
  <testcase classname="testing.TC001_Doctor_Details" name="surgeriesClicked" time="0.0">
    <ignored/>
  </testcase> <!-- surgeriesClicked -->
</testsuite> <!-- Default test -->
