<?xml version="1.0" encoding="UTF-8"?>
<!-- Generated by org.testng.reporters.JUnitXMLReporter -->
<testsuite ignored="6" hostname="LTIN273501" failures="0" tests="19" name="Test" time="138.586" errors="0" timestamp="2024-05-29T12:40:38 IST">
  <testcase classname="testing.BaseClass" name="@BeforeTest Intiate_WebDriver" time="137.423">
    <failure type="org.openqa.selenium.NoSuchWindowException" message="no such window: target window already closed
from unknown error: web view not found
  (Session info: chrome=122.0.6261.58)
Build info: version: &amp;apos;4.16.1&amp;apos;, revision: &amp;apos;9b4c83354e&amp;apos;
System info: os.name: &amp;apos;Windows 11&amp;apos;, os.arch: &amp;apos;amd64&amp;apos;, os.version: &amp;apos;10.0&amp;apos;, java.version: &amp;apos;17.0.2&amp;apos;
Driver info: org.openqa.selenium.chrome.ChromeDriver
Command: [37c4a836b961481ae5ebb66e2ff2fd6e, maximizeCurrentWindow {}]
Capabilities {acceptInsecureCerts: false, browserName: chrome, browserVersion: 122.0.6261.58, chrome: {chromedriverVersion: 122.0.6261.128 (f18a44fedeb..., userDataDir: C:\WINDOWS\SystemTemp\scope...}, fedcm:accounts: true, goog:chromeOptions: {debuggerAddress: localhost:50895}, networkConnectionEnabled: false, pageLoadStrategy: normal, platformName: windows, proxy: Proxy(), se:cdp: ws://localhost:50895/devtoo..., se:cdpVersion: 122.0.6261.58, setWindowRect: true, strictFileInteractability: false, timeouts: {implicit: 0, pageLoad: 300000, script: 30000}, unhandledPromptBehavior: dismiss and notify, webauthn:extension:credBlob: true, webauthn:extension:largeBlob: true, webauthn:extension:minPinLength: true, webauthn:extension:prf: true, webauthn:virtualAuthenticators: true}
Session ID: 37c4a836b961481ae5ebb66e2ff2fd6e">
      <![CDATA[org.openqa.selenium.NoSuchWindowException: no such window: target window already closed
from unknown error: web view not found
  (Session info: chrome=122.0.6261.58)
Build info: version: '4.16.1', revision: '9b4c83354e'
System info: os.name: 'Windows 11', os.arch: 'amd64', os.version: '10.0', java.version: '17.0.2'
Driver info: org.openqa.selenium.chrome.ChromeDriver
Command: [37c4a836b961481ae5ebb66e2ff2fd6e, maximizeCurrentWindow {}]
Capabilities {acceptInsecureCerts: false, browserName: chrome, browserVersion: 122.0.6261.58, chrome: {chromedriverVersion: 122.0.6261.128 (f18a44fedeb..., userDataDir: C:\WINDOWS\SystemTemp\scope...}, fedcm:accounts: true, goog:chromeOptions: {debuggerAddress: localhost:50895}, networkConnectionEnabled: false, pageLoadStrategy: normal, platformName: windows, proxy: Proxy(), se:cdp: ws://localhost:50895/devtoo..., se:cdpVersion: 122.0.6261.58, setWindowRect: true, strictFileInteractability: false, timeouts: {implicit: 0, pageLoad: 300000, script: 30000}, unhandledPromptBehavior: dismiss and notify, webauthn:extension:credBlob: true, webauthn:extension:largeBlob: true, webauthn:extension:minPinLength: true, webauthn:extension:prf: true, webauthn:virtualAuthenticators: true}
Session ID: 37c4a836b961481ae5ebb66e2ff2fd6e
at org.openqa.selenium.remote.codec.w3c.W3CHttpResponseCodec.createException(W3CHttpResponseCodec.java:200)
at org.openqa.selenium.remote.codec.w3c.W3CHttpResponseCodec.decode(W3CHttpResponseCodec.java:133)
at org.openqa.selenium.remote.codec.w3c.W3CHttpResponseCodec.decode(W3CHttpResponseCodec.java:52)
at org.openqa.selenium.remote.HttpCommandExecutor.execute(HttpCommandExecutor.java:191)
at org.openqa.selenium.remote.service.DriverCommandExecutor.invokeExecute(DriverCommandExecutor.java:200)
at org.openqa.selenium.remote.service.DriverCommandExecutor.execute(DriverCommandExecutor.java:175)
at org.openqa.selenium.remote.RemoteWebDriver.execute(RemoteWebDriver.java:523)
at org.openqa.selenium.remote.RemoteWebDriver.execute(RemoteWebDriver.java:596)
at org.openqa.selenium.remote.RemoteWebDriver.execute(RemoteWebDriver.java:600)
at org.openqa.selenium.remote.RemoteWebDriver$RemoteWebDriverOptions$RemoteWindow.maximize(RemoteWebDriver.java:1039)
at testing.BaseClass.Intiate_WebDriver(BaseClass.java:80)
... Removed 29 stack frames]]>
    </failure>
  </testcase> <!-- @BeforeTest Intiate_WebDriver -->
  <testcase classname="testing.BaseClass" name="@AfterTest Close_Driver" time="0.0">
    <skipped/>
  </testcase> <!-- @AfterTest Close_Driver -->
  <testcase classname="testing.TC001_Doctor_Details" name="Check_for_correct_page" time="0.0">
    <skipped/>
  </testcase> <!-- Check_for_correct_page -->
  <testcase classname="testing.TC001_Doctor_Details" name="getting_correct_city" time="0.0">
    <skipped/>
  </testcase> <!-- getting_correct_city -->
  <testcase classname="testing.TC001_Doctor_Details" name="get_list_of_doctors" time="0.0">
    <skipped/>
  </testcase> <!-- get_list_of_doctors -->
  <testcase classname="testing.TC001_Doctor_Details" name="Scolldown" time="0.0">
    <skipped/>
  </testcase> <!-- Scolldown -->
  <testcase classname="testing.TC001_Doctor_Details" name="Printing_names" time="0.0">
    <skipped/>
  </testcase> <!-- Printing_names -->
  <testcase classname="testing.TC001_Doctor_Details" name="surgeriesClicked" time="0.0">
    <skipped/>
  </testcase> <!-- surgeriesClicked -->
  <testcase classname="testing.TC002_Surgeries" name="ScrollDown" time="0.0">
    <skipped/>
  </testcase> <!-- ScrollDown -->
  <testcase classname="testing.TC002_Surgeries" name="get_Surgeries_List" time="0.0">
    <skipped/>
  </testcase> <!-- get_Surgeries_List -->
  <testcase classname="testing.TC002_Surgeries" name="clickOnForm" time="0.0">
    <skipped/>
  </testcase> <!-- clickOnForm -->
  <testcase classname="testing.TC003_Set_Wrong_Details" name="ScrollTo" time="0.0">
    <skipped/>
  </testcase> <!-- ScrollTo -->
  <testcase classname="testing.TC003_Set_Wrong_Details" name="set_Wrong_Details" time="0.0">
    <skipped/>
  </testcase> <!-- set_Wrong_Details -->
  <testcase classname="testing.TC003_Set_Wrong_Details" name="buttonDisplayed" time="0.0">
    <skipped/>
  </testcase> <!-- buttonDisplayed -->
  <testcase classname="testing.TC003_Set_Wrong_Details" name="clearFields" time="0.0">
    <skipped/>
  </testcase> <!-- clearFields -->
  <testcase classname="testing.TC004_Set_Correct_Details" name="ScrollTo" time="0.0">
    <skipped/>
  </testcase> <!-- ScrollTo -->
  <testcase classname="testing.TC004_Set_Correct_Details" name="set_Correct_Details" time="0.0">
    <skipped/>
  </testcase> <!-- set_Correct_Details -->
  <testcase classname="testing.TC004_Set_Correct_Details" name="buttonDisplayed" time="0.0">
    <skipped/>
  </testcase> <!-- buttonDisplayed -->
  <testcase classname="testing.TC004_Set_Correct_Details" name="click" time="0.0">
    <skipped/>
  </testcase> <!-- click -->
  <testcase classname="testing.TC004_Set_Correct_Details" name="getMsg" time="0.002">
    <skipped/>
  </testcase> <!-- getMsg -->
  <testcase classname="testing.TC004_Set_Correct_Details" name="verifyMsg" time="0.0">
    <skipped/>
  </testcase> <!-- verifyMsg -->
  <testcase classname="testing.BaseClass" name="@BeforeTest Intiate_WebDriver" time="0.0">
    <ignored/>
  </testcase> <!-- @BeforeTest Intiate_WebDriver -->
  <testcase classname="testing.BaseClass" name="@AfterTest Close_Driver" time="0.0">
    <ignored/>
  </testcase> <!-- @AfterTest Close_Driver -->
  <testcase classname="testing.BaseClass" name="@AfterTest Close_Driver" time="0.0">
    <ignored/>
  </testcase> <!-- @AfterTest Close_Driver -->
  <testcase classname="testing.BaseClass" name="@BeforeTest Intiate_WebDriver" time="0.0">
    <ignored/>
  </testcase> <!-- @BeforeTest Intiate_WebDriver -->
  <testcase classname="testing.BaseClass" name="@BeforeTest Intiate_WebDriver" time="0.0">
    <ignored/>
  </testcase> <!-- @BeforeTest Intiate_WebDriver -->
  <testcase classname="testing.BaseClass" name="@AfterTest Close_Driver" time="0.0">
    <ignored/>
  </testcase> <!-- @AfterTest Close_Driver -->
</testsuite> <!-- Test -->
